<?xml version="1.0" encoding="UTF-8"?>
<testsuite xmlns:xsi="http://www.w3.org/2001/XMLSchema-instance" xsi:noNamespaceSchemaLocation="https://maven.apache.org/surefire/maven-surefire-plugin/xsd/surefire-test-report-3.0.xsd" version="3.0" name="br.tasks.apitest.APITest" time="7.472" tests="3" errors="0" skipped="0" failures="0">
  <properties>
[...]
</properties>
  <testcase name="deveAdicionarTarefaComSucesso" classname="br.tasks.apitest.APITest" time="3.232"/>
  <testcase name="naoDeveAdicionarTarefaInvalida" classname="br.tasks.apitest.APITest" time="1.078"/>
  <testcase name="deveRetornarTarefas" classname="br.tasks.apitest.APITest" time="0.074"/>
</testsuite>